DEBUG http-nio-9090-exec-3 druid.sql.Statement - {conn-10006, pstmt-20001} clearParameters. 
DEBUG http-nio-9090-exec-3 druid.sql.Connection - {conn-10006} pool-recycle
DEBUG Druid-ConnectionPool-Create-987834065 druid.sql.Connection - {conn-10007,procId-240} connected
DEBUG Druid-ConnectionPool-Create-987834065 druid.sql.Connection - {conn-10008,procId-241} connected
DEBUG http-nio-9090-exec-4 druid.sql.Connection - {conn-10008} pool-connect
DEBUG http-nio-9090-exec-4 druid.sql.Statement - {conn-10008, pstmt-20002} created. SELECT U.* FROM USER U WHERE ACCOUNT = ? AND USER_TYPE = ?
DEBUG http-nio-9090-exec-4 druid.sql.Statement - {conn-10008, pstmt-20002} Parameters : [null, null]
DEBUG http-nio-9090-exec-4 druid.sql.Statement - {conn-10008, pstmt-20002} Types : [VARCHAR, VARCHAR]
DEBUG Druid-ConnectionPool-Create-987834065 druid.sql.Connection - {conn-10009,procId-242} connected
DEBUG http-nio-9090-exec-4 druid.sql.Statement - {conn-10008, pstmt-20002} executed. 1.1363 millis. SELECT U.* FROM USER U WHERE ACCOUNT = ? AND USER_TYPE = ?
DEBUG http-nio-9090-exec-4 druid.sql.ResultSet - {conn-10008, pstmt-20002, rs-50003} open
DEBUG http-nio-9090-exec-4 druid.sql.ResultSet - {conn-10008, pstmt-20002, rs-50003} Header: [ID, USER_ID, ACCOUNT, PASSWORD, USER_TYPE]
DEBUG http-nio-9090-exec-4 druid.sql.ResultSet - {conn-10008, pstmt-20002, rs-50003} closed
DEBUG http-nio-9090-exec-4 druid.sql.Statement - {conn-10008, pstmt-20002} clearParameters. 
DEBUG http-nio-9090-exec-4 druid.sql.Connection - {conn-10008} pool-recycle
DEBUG Druid-ConnectionPool-Create-987834065 druid.sql.Connection - {conn-10010,procId-243} connected
DEBUG http-nio-9090-exec-5 druid.sql.Connection - {conn-10010} pool-connect
DEBUG http-nio-9090-exec-5 druid.sql.Statement - {conn-10010, pstmt-20003} created. SELECT U.* FROM USER U WHERE ACCOUNT = ? AND USER_TYPE = ?
DEBUG http-nio-9090-exec-5 druid.sql.Statement - {conn-10010, pstmt-20003} Parameters : [zhangsan, 1]
DEBUG http-nio-9090-exec-5 druid.sql.Statement - {conn-10010, pstmt-20003} Types : [VARCHAR, VARCHAR]
DEBUG http-nio-9090-exec-5 druid.sql.Statement - {conn-10010, pstmt-20003} executed. 0.8616 millis. SELECT U.* FROM USER U WHERE ACCOUNT = ? AND USER_TYPE = ?
DEBUG http-nio-9090-exec-5 druid.sql.ResultSet - {conn-10010, pstmt-20003, rs-50004} open
DEBUG http-nio-9090-exec-5 druid.sql.ResultSet - {conn-10010, pstmt-20003, rs-50004} Header: [ID, USER_ID, ACCOUNT, PASSWORD, USER_TYPE]
DEBUG http-nio-9090-exec-5 druid.sql.ResultSet - {conn-10010, pstmt-20003, rs-50004} closed
DEBUG http-nio-9090-exec-5 druid.sql.Statement - {conn-10010, pstmt-20003} clearParameters. 
DEBUG http-nio-9090-exec-5 druid.sql.Connection - {conn-10010} pool-recycle
DEBUG http-nio-9090-exec-6 druid.sql.Connection - {conn-10010} pool-connect
DEBUG http-nio-9090-exec-6 druid.sql.Statement - {conn-10010, pstmt-20003} Parameters : [zhangsan, 1]
DEBUG http-nio-9090-exec-6 druid.sql.Statement - {conn-10010, pstmt-20003} Types : [VARCHAR, VARCHAR]
DEBUG http-nio-9090-exec-6 druid.sql.Statement - {conn-10010, pstmt-20003} executed. 0.7223 millis. SELECT U.* FROM USER U WHERE ACCOUNT = ? AND USER_TYPE = ?
DEBUG http-nio-9090-exec-6 druid.sql.ResultSet - {conn-10010, pstmt-20003, rs-50005} open
DEBUG http-nio-9090-exec-6 druid.sql.ResultSet - {conn-10010, pstmt-20003, rs-50005} Header: [ID, USER_ID, ACCOUNT, PASSWORD, USER_TYPE]
DEBUG http-nio-9090-exec-6 druid.sql.ResultSet - {conn-10010, pstmt-20003, rs-50005} closed
DEBUG http-nio-9090-exec-6 druid.sql.Statement - {conn-10010, pstmt-20003} clearParameters. 
DEBUG http-nio-9090-exec-6 druid.sql.Connection - {conn-10010} pool-recycle
DEBUG http-nio-9090-exec-6 druid.sql.Connection - {conn-10010} pool-connect
DEBUG http-nio-9090-exec-6 druid.sql.Statement - {conn-10010, pstmt-20004} created. INSERT INTO user  ( id,
user_id,
account,
password,
user_type )  VALUES  ( ?,
?,
?,
?,
? )
DEBUG http-nio-9090-exec-6 druid.sql.Statement - {conn-10010, pstmt-20004} Parameters : [1801163496993513473, ff48d506-07c7-439d-8a17-51c0bdaf6f37, zhangsan, 123123, 1]
DEBUG http-nio-9090-exec-6 druid.sql.Statement - {conn-10010, pstmt-20004} Types : [VARCHAR, VARCHAR, VARCHAR, VARCHAR, VARCHAR]
ERROR http-nio-9090-exec-6 druid.sql.Statement - {conn-10010, pstmt-20004} execute error. INSERT INTO user  ( id,
user_id,
account,
password,
user_type )  VALUES  ( ?,
?,
?,
?,
? )
com.mysql.cj.jdbc.exceptions.MysqlDataTruncation: Data truncation: Out of range value for column 'ID' at row 1
	at com.mysql.cj.jdbc.exceptions.SQLExceptionsMapping.translateException(SQLExceptionsMapping.java:104)
	at com.mysql.cj.jdbc.ClientPreparedStatement.executeInternal(ClientPreparedStatement.java:953)
	at com.mysql.cj.jdbc.ClientPreparedStatement.execute(ClientPreparedStatement.java:370)
	at com.alibaba.druid.filter.FilterChainImpl.preparedStatement_execute(FilterChainImpl.java:3461)
	at com.alibaba.druid.filter.FilterEventAdapter.preparedStatement_execute(FilterEventAdapter.java:440)
	at com.alibaba.druid.filter.FilterChainImpl.preparedStatement_execute(FilterChainImpl.java:3459)
	at com.alibaba.druid.wall.WallFilter.preparedStatement_execute(WallFilter.java:660)
	at com.alibaba.druid.filter.FilterChainImpl.preparedStatement_execute(FilterChainImpl.java:3459)
	at com.alibaba.druid.filter.FilterEventAdapter.preparedStatement_execute(FilterEventAdapter.java:440)
	at com.alibaba.druid.filter.FilterChainImpl.preparedStatement_execute(FilterChainImpl.java:3459)
	at com.alibaba.druid.proxy.jdbc.PreparedStatementProxyImpl.execute(PreparedStatementProxyImpl.java:167)
	at com.alibaba.druid.pool.DruidPooledPreparedStatement.execute(DruidPooledPreparedStatement.java:497)
	at org.apache.ibatis.executor.statement.PreparedStatementHandler.update(PreparedStatementHandler.java:47)
	at org.apache.ibatis.executor.statement.RoutingStatementHandler.update(RoutingStatementHandler.java:74)
	at com.baomidou.mybatisplus.core.executor.MybatisSimpleExecutor.doUpdate(MybatisSimpleExecutor.java:56)
	at org.apache.ibatis.executor.BaseExecutor.update(BaseExecutor.java:117)
	at com.baomidou.mybatisplus.core.executor.MybatisCachingExecutor.update(MybatisCachingExecutor.java:85)
	at org.apache.ibatis.session.defaults.DefaultSqlSession.update(DefaultSqlSession.java:197)
	at org.apache.ibatis.session.defaults.DefaultSqlSession.insert(DefaultSqlSession.java:184)
	at sun.reflect.NativeMethodAccessorImpl.invoke0(Native Method)
	at sun.reflect.NativeMethodAccessorImpl.invoke(NativeMethodAccessorImpl.java:62)
	at sun.reflect.DelegatingMethodAccessorImpl.invoke(DelegatingMethodAccessorImpl.java:43)
	at java.lang.reflect.Method.invoke(Method.java:498)
	at org.mybatis.spring.SqlSessionTemplate$SqlSessionInterceptor.invoke(SqlSessionTemplate.java:427)
	at com.sun.proxy.$Proxy63.insert(Unknown Source)
	at org.mybatis.spring.SqlSessionTemplate.insert(SqlSessionTemplate.java:272)
	at com.baomidou.mybatisplus.core.override.MybatisMapperMethod.execute(MybatisMapperMethod.java:60)
	at com.baomidou.mybatisplus.core.override.MybatisMapperProxy$PlainMethodInvoker.invoke(MybatisMapperProxy.java:148)
	at com.baomidou.mybatisplus.core.override.MybatisMapperProxy.invoke(MybatisMapperProxy.java:89)
	at com.sun.proxy.$Proxy64.insert(Unknown Source)
	at org.hx.aisite.user.service.impl.DefaultUserServiceImpl.signUp(DefaultUserServiceImpl.java:86)
	at org.hx.aisite.user.service.impl.DefaultUserServiceImpl$$FastClassBySpringCGLIB$$6cce4286.invoke(<generated>)
	at org.springframework.cglib.proxy.MethodProxy.invoke(MethodProxy.java:218)
	at org.springframework.aop.framework.CglibAopProxy$DynamicAdvisedInterceptor.intercept(CglibAopProxy.java:687)
	at org.hx.aisite.user.service.impl.DefaultUserServiceImpl$$EnhancerBySpringCGLIB$$9ab7e53e.signUp(<generated>)
	at org.hx.aisite.user.control.UserControl.signUp(UserControl.java:63)
	at sun.reflect.NativeMethodAccessorImpl.invoke0(Native Method)
	at sun.reflect.NativeMethodAccessorImpl.invoke(NativeMethodAccessorImpl.java:62)
	at sun.reflect.DelegatingMethodAccessorImpl.invoke(DelegatingMethodAccessorImpl.java:43)
	at java.lang.reflect.Method.invoke(Method.java:498)
	at org.springframework.web.method.support.InvocableHandlerMethod.doInvoke(InvocableHandlerMethod.java:190)
	at org.springframework.web.method.support.InvocableHandlerMethod.invokeForRequest(InvocableHandlerMethod.java:138)
	at org.springframework.web.servlet.mvc.method.annotation.ServletInvocableHandlerMethod.invokeAndHandle(ServletInvocableHandlerMethod.java:105)
	at org.springframework.web.servlet.mvc.method.annotation.RequestMappingHandlerAdapter.invokeHandlerMethod(RequestMappingHandlerAdapter.java:878)
	at org.springframework.web.servlet.mvc.method.annotation.RequestMappingHandlerAdapter.handleInternal(RequestMappingHandlerAdapter.java:792)
	at org.springframework.web.servlet.mvc.method.AbstractHandlerMethodAdapter.handle(AbstractHandlerMethodAdapter.java:87)
	at org.springframework.web.servlet.DispatcherServlet.doDispatch(DispatcherServlet.java:1040)
	at org.springframework.web.servlet.DispatcherServlet.doService(DispatcherServlet.java:943)
	at org.springframework.web.servlet.FrameworkServlet.processRequest(FrameworkServlet.java:1006)
	at org.springframework.web.servlet.FrameworkServlet.doPost(FrameworkServlet.java:909)
	at javax.servlet.http.HttpServlet.service(HttpServlet.java:652)
	at org.springframework.web.servlet.FrameworkServlet.service(FrameworkServlet.java:883)
	at javax.servlet.http.HttpServlet.service(HttpServlet.java:733)
	at org.apache.catalina.core.ApplicationFilterChain.internalDoFilter(ApplicationFilterChain.java:231)
	at org.apache.catalina.core.ApplicationFilterChain.doFilter(ApplicationFilterChain.java:166)
	at org.apache.tomcat.websocket.server.WsFilter.doFilter(WsFilter.java:53)
	at org.apache.catalina.core.ApplicationFilterChain.internalDoFilter(ApplicationFilterChain.java:193)
	at org.apache.catalina.core.ApplicationFilterChain.doFilter(ApplicationFilterChain.java:166)
	at org.springframework.web.filter.RequestContextFilter.doFilterInternal(RequestContextFilter.java:100)
	at org.springframework.web.filter.OncePerRequestFilter.doFilter(OncePerRequestFilter.java:119)
	at org.apache.catalina.core.ApplicationFilterChain.internalDoFilter(ApplicationFilterChain.java:193)
	at org.apache.catalina.core.ApplicationFilterChain.doFilter(ApplicationFilterChain.java:166)
	at org.springframework.web.filter.FormContentFilter.doFilterInternal(FormContentFilter.java:93)
	at org.springframework.web.filter.OncePerRequestFilter.doFilter(OncePerRequestFilter.java:119)
	at org.apache.catalina.core.ApplicationFilterChain.internalDoFilter(ApplicationFilterChain.java:193)
	at org.apache.catalina.core.ApplicationFilterChain.doFilter(ApplicationFilterChain.java:166)
	at org.springframework.web.filter.CharacterEncodingFilter.doFilterInternal(CharacterEncodingFilter.java:201)
	at org.springframework.web.filter.OncePerRequestFilter.doFilter(OncePerRequestFilter.java:119)
	at org.apache.catalina.core.ApplicationFilterChain.internalDoFilter(ApplicationFilterChain.java:193)
	at org.apache.catalina.core.ApplicationFilterChain.doFilter(ApplicationFilterChain.java:166)
	at org.apache.catalina.core.StandardWrapperValve.invoke(StandardWrapperValve.java:202)
	at org.apache.catalina.core.StandardContextValve.invoke(StandardContextValve.java:97)
	at org.apache.catalina.authenticator.AuthenticatorBase.invoke(AuthenticatorBase.java:541)
	at org.apache.catalina.core.StandardHostValve.invoke(StandardHostValve.java:143)
	at org.apache.catalina.valves.ErrorReportValve.invoke(ErrorReportValve.java:92)
	at org.apache.catalina.core.StandardEngineValve.invoke(StandardEngineValve.java:78)
	at org.apache.catalina.connector.CoyoteAdapter.service(CoyoteAdapter.java:343)
	at org.apache.coyote.http11.Http11Processor.service(Http11Processor.java:374)
	at org.apache.coyote.AbstractProcessorLight.process(AbstractProcessorLight.java:65)
	at org.apache.coyote.AbstractProtocol$ConnectionHandler.process(AbstractProtocol.java:868)
	at org.apache.tomcat.util.net.NioEndpoint$SocketProcessor.doRun(NioEndpoint.java:1590)
	at org.apache.tomcat.util.net.SocketProcessorBase.run(SocketProcessorBase.java:49)
	at java.util.concurrent.ThreadPoolExecutor.runWorker(ThreadPoolExecutor.java:1149)
	at java.util.concurrent.ThreadPoolExecutor$Worker.run(ThreadPoolExecutor.java:624)
	at org.apache.tomcat.util.threads.TaskThread$WrappingRunnable.run(TaskThread.java:61)
	at java.lang.Thread.run(Thread.java:748)
DEBUG http-nio-9090-exec-6 druid.sql.Statement - {conn-10010, pstmt-20004} clearParameters. 
DEBUG http-nio-9090-exec-6 druid.sql.Statement - {conn-10010, pstmt-20004} closed
DEBUG http-nio-9090-exec-6 druid.sql.Connection - {conn-10010} pool-recycle
DEBUG http-nio-9090-exec-6 druid.sql.Connection - {conn-10010} pool-connect
DEBUG http-nio-9090-exec-6 druid.sql.Connection - {conn-10010} pool-recycle
DEBUG SpringContextShutdownHook druid.sql.Statement - {conn-10006, pstmt-20001} closed
DEBUG SpringContextShutdownHook druid.sql.Connection - {conn-10006} closed
DEBUG SpringContextShutdownHook druid.sql.Connection - {conn-10007} closed
DEBUG SpringContextShutdownHook druid.sql.Connection - {conn-10009} closed
DEBUG SpringContextShutdownHook druid.sql.Statement - {conn-10008, pstmt-20002} closed
DEBUG SpringContextShutdownHook druid.sql.Connection - {conn-10008} closed
DEBUG SpringContextShutdownHook druid.sql.Statement - {conn-10010, pstmt-20003} closed
DEBUG SpringContextShutdownHook druid.sql.Connection - {conn-10010} closed
